[0507/003150.532:ERROR:crash_report_database_win.cc(428)] unexpected header
[0507/003415.385:ERROR:crash_report_database_win.cc(428)] unexpected header
[1207/161728.362:ERROR:directory_reader_win.cc(43)] FindFirstFile: The system cannot find the path specified. (0x3)
[1209/150636.956:ERROR:directory_reader_win.cc(43)] FindFirstFile: The system cannot find the path specified. (0x3)
[1210/225031.220:ERROR:directory_reader_win.cc(43)] FindFirstFile: The system cannot find the path specified. (0x3)
[1212/035902.195:ERROR:process_reader_win.cc(151)] SuspendThread: Access is denied. (0x5)
[1212/035902.195:ERROR:process_reader_win.cc(151)] SuspendThread: Access is denied. (0x5)
[1212/035902.195:ERROR:process_reader_win.cc(151)] SuspendThread: Access is denied. (0x5)
[1212/035902.200:ERROR:process_reader_win.cc(151)] SuspendThread: Access is denied. (0x5)
[1212/035902.205:ERROR:process_reader_win.cc(151)] SuspendThread: Access is denied. (0x5)
[1212/035902.205:ERROR:process_reader_win.cc(151)] SuspendThread: Access is denied. (0x5)
[1212/035902.205:ERROR:process_reader_win.cc(151)] SuspendThread: Access is denied. (0x5)
[1212/035902.205:ERROR:process_reader_win.cc(151)] SuspendThread: Access is denied. (0x5)
[1212/035902.205:ERROR:process_reader_win.cc(151)] SuspendThread: Access is denied. (0x5)
[1212/035902.205:ERROR:process_reader_win.cc(151)] SuspendThread: Access is denied. (0x5)
[1212/035902.206:ERROR:process_reader_win.cc(151)] SuspendThread: Access is denied. (0x5)
[1212/035902.206:ERROR:process_reader_win.cc(151)] SuspendThread: Access is denied. (0x5)
[1212/035902.206:ERROR:process_reader_win.cc(151)] SuspendThread: Access is denied. (0x5)
[1212/035902.206:ERROR:process_reader_win.cc(151)] SuspendThread: Access is denied. (0x5)
[1212/035902.206:ERROR:process_reader_win.cc(151)] SuspendThread: Access is denied. (0x5)
[1212/035902.206:ERROR:process_reader_win.cc(151)] SuspendThread: Access is denied. (0x5)
[1212/035902.205:ERROR:process_reader_win.cc(123)] NtOpenThread: {Access Denied} A process has requested access to an object, but has not been granted those access rights. (0xc0000022)
[1212/035902.206:ERROR:process_reader_win.cc(123)] NtOpenThread: {Access Denied} A process has requested access to an object, but has not been granted those access rights. (0xc0000022)
[1212/035902.207:ERROR:exception_snapshot_win.cc(99)] thread ID 14280 not found in process
[1212/035902.207:ERROR:exception_snapshot_win.cc(99)] thread ID 14064 not found in process
[1212/035902.237:ERROR:process_reader_win.cc(151)] SuspendThread: Access is denied. (0x5)
[1212/035902.237:ERROR:process_reader_win.cc(151)] SuspendThread: Access is denied. (0x5)
[1212/035902.237:ERROR:process_reader_win.cc(151)] SuspendThread: Access is denied. (0x5)
[1212/035902.237:ERROR:process_reader_win.cc(151)] SuspendThread: Access is denied. (0x5)
[1212/035902.237:ERROR:process_reader_win.cc(151)] SuspendThread: Access is denied. (0x5)
[1212/035902.237:ERROR:process_reader_win.cc(151)] SuspendThread: Access is denied. (0x5)
[1212/035902.237:ERROR:process_reader_win.cc(151)] SuspendThread: Access is denied. (0x5)
[1212/035902.237:ERROR:process_reader_win.cc(151)] SuspendThread: Access is denied. (0x5)
[1212/035902.237:ERROR:process_reader_win.cc(151)] SuspendThread: Access is denied. (0x5)
[1212/035902.237:ERROR:process_reader_win.cc(151)] SuspendThread: Access is denied. (0x5)
[1212/035902.237:ERROR:process_reader_win.cc(151)] SuspendThread: Access is denied. (0x5)
[1212/035902.237:ERROR:process_reader_win.cc(151)] SuspendThread: Access is denied. (0x5)
[1212/035902.237:ERROR:process_reader_win.cc(151)] SuspendThread: Access is denied. (0x5)
[1212/035902.237:ERROR:process_reader_win.cc(151)] SuspendThread: Access is denied. (0x5)
[1212/035902.237:ERROR:process_reader_win.cc(151)] SuspendThread: Access is denied. (0x5)
[1212/035902.237:ERROR:process_reader_win.cc(151)] SuspendThread: Access is denied. (0x5)
[1212/035902.237:ERROR:process_reader_win.cc(151)] SuspendThread: Access is denied. (0x5)
[1212/035902.237:ERROR:process_reader_win.cc(151)] SuspendThread: Access is denied. (0x5)
[1212/035902.237:ERROR:process_reader_win.cc(123)] NtOpenThread: {Access Denied} A process has requested access to an object, but has not been granted those access rights. (0xc0000022)
[1212/035902.237:ERROR:exception_snapshot_win.cc(99)] thread ID 18164 not found in process
[1212/035902.245:ERROR:process_reader_win.cc(151)] SuspendThread: Access is denied. (0x5)
[1212/035902.245:ERROR:process_reader_win.cc(151)] SuspendThread: Access is denied. (0x5)
[1212/035902.245:ERROR:process_reader_win.cc(151)] SuspendThread: Access is denied. (0x5)
[1212/035902.245:ERROR:process_reader_win.cc(151)] SuspendThread: Access is denied. (0x5)
[1212/035902.245:ERROR:process_reader_win.cc(151)] SuspendThread: Access is denied. (0x5)
[1212/035902.245:ERROR:process_reader_win.cc(151)] SuspendThread: Access is denied. (0x5)
[1212/035902.245:ERROR:process_reader_win.cc(151)] SuspendThread: Access is denied. (0x5)
[1212/035902.245:ERROR:process_reader_win.cc(151)] SuspendThread: Access is denied. (0x5)
[1212/035902.246:ERROR:process_reader_win.cc(151)] SuspendThread: Access is denied. (0x5)
[1212/035902.246:ERROR:process_reader_win.cc(151)] SuspendThread: Access is denied. (0x5)
[1212/035902.246:ERROR:process_reader_win.cc(151)] SuspendThread: Access is denied. (0x5)
[1212/035902.246:ERROR:process_reader_win.cc(151)] SuspendThread: Access is denied. (0x5)
[1212/035902.246:ERROR:process_reader_win.cc(151)] SuspendThread: Access is denied. (0x5)
[1212/035902.246:ERROR:process_reader_win.cc(151)] SuspendThread: Access is denied. (0x5)
[1212/035902.246:ERROR:process_reader_win.cc(151)] SuspendThread: Access is denied. (0x5)
[1212/035902.246:ERROR:process_reader_win.cc(123)] NtOpenThread: {Access Denied} A process has requested access to an object, but has not been granted those access rights. (0xc0000022)
[1212/035902.246:ERROR:exception_snapshot_win.cc(99)] thread ID 13612 not found in process
[1212/035902.259:ERROR:process_reader_win.cc(151)] SuspendThread: Access is denied. (0x5)
[1212/035902.260:ERROR:process_reader_win.cc(151)] SuspendThread: Access is denied. (0x5)
[1212/035902.260:ERROR:process_reader_win.cc(123)] NtOpenThread: {Access Denied} A process has requested access to an object, but has not been granted those access rights. (0xc0000022)
[1212/035902.260:ERROR:exception_snapshot_win.cc(99)] thread ID 4880 not found in process
[1212/035902.282:ERROR:process_reader_win.cc(151)] SuspendThread: Access is denied. (0x5)
[1212/035902.282:ERROR:process_reader_win.cc(151)] SuspendThread: Access is denied. (0x5)
[1212/035902.282:ERROR:process_reader_win.cc(123)] NtOpenThread: {Access Denied} A process has requested access to an object, but has not been granted those access rights. (0xc0000022)
[1212/035902.282:ERROR:exception_snapshot_win.cc(99)] thread ID 16008 not found in process
[1212/035902.303:ERROR:process_reader_win.cc(151)] SuspendThread: Access is denied. (0x5)
[1212/035902.303:ERROR:process_reader_win.cc(151)] SuspendThread: Access is denied. (0x5)
[1212/035902.303:ERROR:process_reader_win.cc(123)] NtOpenThread: {Access Denied} A process has requested access to an object, but has not been granted those access rights. (0xc0000022)
[1212/035902.303:ERROR:exception_snapshot_win.cc(99)] thread ID 20264 not found in process
